ITERATION: 0
------------------------------------------
Model     :  DTLZ7
Algorithm :  SimulatedAnnealing
------------------------------------------
Best decisionss: 
~~~~~~~~~~~~~~~~~~~~~
01 : 0.0151594213991
02 : 0.337617982822
03 : 0.187560907033
04 : 0.0173525531978
~~~~~~~~~~~~~~~~~~~~~
Energy Evaluation: 
~~~~~~~~~~~~~~~~~~~~~
4.10611594979
~~~~~~~~~~~~~~~~~~~~~
ITERATION: 0
------------------------------------------
Model     :  DTLZ7
Algorithm :  MaxWalkSat
------------------------------------------
Best decisionss: 
~~~~~~~~~~~~~~~~~~~~~
01 : 0.00014171127552
02 : 0.295555555016
03 : 0.474015206871
04 : 0.0700567866164
~~~~~~~~~~~~~~~~~~~~~
Energy Evaluation: 
~~~~~~~~~~~~~~~~~~~~~
4.00099197893
~~~~~~~~~~~~~~~~~~~~~
ITERATION: 0
------------------------------------------
Model     :  DTLZ7
Algorithm :  DifferentialEvolution
------------------------------------------
Best decisionss: 
~~~~~~~~~~~~~~~~~~~~~
01 : 2.41568701369e-05
02 : 0.839521988737
03 : 0.896698303275
04 : 0.573270273556
~~~~~~~~~~~~~~~~~~~~~
Energy Evaluation: 
~~~~~~~~~~~~~~~~~~~~~
4.00016909809
~~~~~~~~~~~~~~~~~~~~~
ITERATION: 1
------------------------------------------
Model     :  DTLZ7
Algorithm :  SimulatedAnnealing
------------------------------------------
Best decisionss: 
~~~~~~~~~~~~~~~~~~~~~
01 : 0.00223241049892
02 : 0.733404626099
03 : 0.933893835205
04 : 0.740227523437
~~~~~~~~~~~~~~~~~~~~~
Energy Evaluation: 
~~~~~~~~~~~~~~~~~~~~~
4.01562687349
~~~~~~~~~~~~~~~~~~~~~
ITERATION: 1
------------------------------------------
Model     :  DTLZ7
Algorithm :  MaxWalkSat
------------------------------------------
Best decisionss: 
~~~~~~~~~~~~~~~~~~~~~
01 : 0.000569547120508
02 : 0.832659939824
03 : 0.993123334117
04 : 0.736430232912
~~~~~~~~~~~~~~~~~~~~~
Energy Evaluation: 
~~~~~~~~~~~~~~~~~~~~~
4.00398682984
~~~~~~~~~~~~~~~~~~~~~
ITERATION: 1
------------------------------------------
Model     :  DTLZ7
Algorithm :  DifferentialEvolution
------------------------------------------
Best decisionss: 
~~~~~~~~~~~~~~~~~~~~~
01 : 0.00145599296055
02 : 0.835337343851
03 : 0.850292389616
04 : 0.0173751988897
~~~~~~~~~~~~~~~~~~~~~
Energy Evaluation: 
~~~~~~~~~~~~~~~~~~~~~
4.01019195072
~~~~~~~~~~~~~~~~~~~~~
ITERATION: 2
------------------------------------------
Model     :  DTLZ7
Algorithm :  SimulatedAnnealing
------------------------------------------
Best decisionss: 
~~~~~~~~~~~~~~~~~~~~~
01 : 0.00240217203495
02 : 0.112270313119
03 : 0.766131843033
04 : 0.611160409373
~~~~~~~~~~~~~~~~~~~~~
Energy Evaluation: 
~~~~~~~~~~~~~~~~~~~~~
4.01681520424
~~~~~~~~~~~~~~~~~~~~~
ITERATION: 2
------------------------------------------
Model     :  DTLZ7
Algorithm :  MaxWalkSat
------------------------------------------
Best decisionss: 
~~~~~~~~~~~~~~~~~~~~~
01 : 0.00168083286801
02 : 0.602252431326
03 : 0.238764273797
04 : 0.802857115152
~~~~~~~~~~~~~~~~~~~~~
Energy Evaluation: 
~~~~~~~~~~~~~~~~~~~~~
4.01176583008
~~~~~~~~~~~~~~~~~~~~~
ITERATION: 2
------------------------------------------
Model     :  DTLZ7
Algorithm :  DifferentialEvolution
------------------------------------------
Best decisionss: 
~~~~~~~~~~~~~~~~~~~~~
01 : 5.8807333314e-05
02 : 0.872801117132
03 : 0.914545741053
04 : 0.209705192353
~~~~~~~~~~~~~~~~~~~~~
Energy Evaluation: 
~~~~~~~~~~~~~~~~~~~~~
4.00041165133
~~~~~~~~~~~~~~~~~~~~~
ITERATION: 3
------------------------------------------
Model     :  DTLZ7
Algorithm :  SimulatedAnnealing
------------------------------------------
Best decisionss: 
~~~~~~~~~~~~~~~~~~~~~
01 : 0.00050191209541
02 : 0.516523426823
03 : 0.441398354433
04 : 0.471941910236
~~~~~~~~~~~~~~~~~~~~~
Energy Evaluation: 
~~~~~~~~~~~~~~~~~~~~~
4.00351338467
~~~~~~~~~~~~~~~~~~~~~
ITERATION: 3
------------------------------------------
Model     :  DTLZ7
Algorithm :  MaxWalkSat
------------------------------------------
Best decisionss: 
~~~~~~~~~~~~~~~~~~~~~
01 : 0.00639249250288
02 : 0.159547777431
03 : 0.348714566669
04 : 0.309615521524
~~~~~~~~~~~~~~~~~~~~~
Energy Evaluation: 
~~~~~~~~~~~~~~~~~~~~~
4.04474744752
~~~~~~~~~~~~~~~~~~~~~
ITERATION: 3
------------------------------------------
Model     :  DTLZ7
Algorithm :  DifferentialEvolution
------------------------------------------
Best decisionss: 
~~~~~~~~~~~~~~~~~~~~~
01 : 0.000244620674422
02 : 0.641900844787
03 : 0.904129031298
04 : 0.751763690115
~~~~~~~~~~~~~~~~~~~~~
Energy Evaluation: 
~~~~~~~~~~~~~~~~~~~~~
4.00171234472
~~~~~~~~~~~~~~~~~~~~~
ITERATION: 4
------------------------------------------
Model     :  DTLZ7
Algorithm :  SimulatedAnnealing
------------------------------------------
Best decisionss: 
~~~~~~~~~~~~~~~~~~~~~
01 : 0.0125581012413
02 : 0.696734344395
03 : 0.426434362663
04 : 0.58423858974
~~~~~~~~~~~~~~~~~~~~~
Energy Evaluation: 
~~~~~~~~~~~~~~~~~~~~~
4.08790670869
~~~~~~~~~~~~~~~~~~~~~
ITERATION: 4
------------------------------------------
Model     :  DTLZ7
Algorithm :  MaxWalkSat
------------------------------------------
Best decisionss: 
~~~~~~~~~~~~~~~~~~~~~
01 : 0.00109307496554
02 : 0.703195386089
03 : 0.666078424762
04 : 0.851451524892
~~~~~~~~~~~~~~~~~~~~~
Energy Evaluation: 
~~~~~~~~~~~~~~~~~~~~~
4.00765152476
~~~~~~~~~~~~~~~~~~~~~
ITERATION: 4
------------------------------------------
Model     :  DTLZ7
Algorithm :  DifferentialEvolution
------------------------------------------
Best decisionss: 
~~~~~~~~~~~~~~~~~~~~~
01 : 0.000852333371901
02 : 0.629860746441
03 : 0.608699913058
04 : 0.679817749143
~~~~~~~~~~~~~~~~~~~~~
Energy Evaluation: 
~~~~~~~~~~~~~~~~~~~~~
4.0059663336
~~~~~~~~~~~~~~~~~~~~~
ITERATION: 5
------------------------------------------
Model     :  DTLZ7
Algorithm :  SimulatedAnnealing
------------------------------------------
Best decisionss: 
~~~~~~~~~~~~~~~~~~~~~
01 : 0.0072996965912
02 : 0.553780101715
03 : 0.0653979033089
04 : 0.3220096636
~~~~~~~~~~~~~~~~~~~~~
Energy Evaluation: 
~~~~~~~~~~~~~~~~~~~~~
4.05109787614
~~~~~~~~~~~~~~~~~~~~~
ITERATION: 5
------------------------------------------
Model     :  DTLZ7
Algorithm :  MaxWalkSat
------------------------------------------
Best decisionss: 
~~~~~~~~~~~~~~~~~~~~~
01 : 0.00410458398263
02 : 0.246608840089
03 : 0.153172467045
04 : 0.737275889623
~~~~~~~~~~~~~~~~~~~~~
Energy Evaluation: 
~~~~~~~~~~~~~~~~~~~~~
4.02873208788
~~~~~~~~~~~~~~~~~~~~~
ITERATION: 5
------------------------------------------
Model     :  DTLZ7
Algorithm :  DifferentialEvolution
------------------------------------------
Best decisionss: 
~~~~~~~~~~~~~~~~~~~~~
01 : 0.00135390144951
02 : 0.964985359639
03 : 0.894343806362
04 : 0.414617623661
~~~~~~~~~~~~~~~~~~~~~
Energy Evaluation: 
~~~~~~~~~~~~~~~~~~~~~
4.00947731015
~~~~~~~~~~~~~~~~~~~~~
ITERATION: 6
------------------------------------------
Model     :  DTLZ7
Algorithm :  SimulatedAnnealing
------------------------------------------
Best decisionss: 
~~~~~~~~~~~~~~~~~~~~~
01 : 0.00125731677259
02 : 0.431618032531
03 : 0.417184826926
04 : 0.189081339216
~~~~~~~~~~~~~~~~~~~~~
Energy Evaluation: 
~~~~~~~~~~~~~~~~~~~~~
4.00880121741
~~~~~~~~~~~~~~~~~~~~~
ITERATION: 6
------------------------------------------
Model     :  DTLZ7
Algorithm :  MaxWalkSat
------------------------------------------
Best decisionss: 
~~~~~~~~~~~~~~~~~~~~~
01 : 2.59985922354e-05
02 : 0.379766336835
03 : 0.392111779107
04 : 0.79201136756
~~~~~~~~~~~~~~~~~~~~~
Energy Evaluation: 
~~~~~~~~~~~~~~~~~~~~~
4.00018199015
~~~~~~~~~~~~~~~~~~~~~
ITERATION: 6
------------------------------------------
Model     :  DTLZ7
Algorithm :  DifferentialEvolution
------------------------------------------
Best decisionss: 
~~~~~~~~~~~~~~~~~~~~~
01 : 0.00141505986504
02 : 0.972709997742
03 : 0.608716566251
04 : 0.681925169378
~~~~~~~~~~~~~~~~~~~~~
Energy Evaluation: 
~~~~~~~~~~~~~~~~~~~~~
4.00990541906
~~~~~~~~~~~~~~~~~~~~~
ITERATION: 7
------------------------------------------
Model     :  DTLZ7
Algorithm :  SimulatedAnnealing
------------------------------------------
Best decisionss: 
~~~~~~~~~~~~~~~~~~~~~
01 : 0.0122913263492
02 : 0.44583880401
03 : 0.946557739729
04 : 0.271513499269
~~~~~~~~~~~~~~~~~~~~~
Energy Evaluation: 
~~~~~~~~~~~~~~~~~~~~~
4.08603928444
~~~~~~~~~~~~~~~~~~~~~
ITERATION: 7
------------------------------------------
Model     :  DTLZ7
Algorithm :  MaxWalkSat
------------------------------------------
Best decisionss: 
~~~~~~~~~~~~~~~~~~~~~
01 : 0.00111067687254
02 : 0.621575247859
03 : 0.483223602351
04 : 0.0155774383924
~~~~~~~~~~~~~~~~~~~~~
Energy Evaluation: 
~~~~~~~~~~~~~~~~~~~~~
4.00777473811
~~~~~~~~~~~~~~~~~~~~~
ITERATION: 7
------------------------------------------
Model     :  DTLZ7
Algorithm :  DifferentialEvolution
------------------------------------------
Best decisionss: 
~~~~~~~~~~~~~~~~~~~~~
01 : 0.00295328043542
02 : 0.623529073331
03 : 0.191765304561
04 : 0.502188593034
~~~~~~~~~~~~~~~~~~~~~
Energy Evaluation: 
~~~~~~~~~~~~~~~~~~~~~
4.02067296305
~~~~~~~~~~~~~~~~~~~~~
ITERATION: 8
------------------------------------------
Model     :  DTLZ7
Algorithm :  SimulatedAnnealing
------------------------------------------
Best decisionss: 
~~~~~~~~~~~~~~~~~~~~~
01 : 0.00667172587761
02 : 0.907073049142
03 : 0.26161211667
04 : 0.0457597972998
~~~~~~~~~~~~~~~~~~~~~
Energy Evaluation: 
~~~~~~~~~~~~~~~~~~~~~
4.04670208114
~~~~~~~~~~~~~~~~~~~~~
ITERATION: 8
------------------------------------------
Model     :  DTLZ7
Algorithm :  MaxWalkSat
------------------------------------------
Best decisionss: 
~~~~~~~~~~~~~~~~~~~~~
01 : 0.000564603707707
02 : 0.0753271229141
03 : 0.484123780935
04 : 0.66236703586
~~~~~~~~~~~~~~~~~~~~~
Energy Evaluation: 
~~~~~~~~~~~~~~~~~~~~~
4.00395222595
~~~~~~~~~~~~~~~~~~~~~
ITERATION: 8
------------------------------------------
Model     :  DTLZ7
Algorithm :  DifferentialEvolution
------------------------------------------
Best decisionss: 
~~~~~~~~~~~~~~~~~~~~~
01 : 0.00101962581551
02 : 0.987632983912
03 : 0.262546671714
04 : 0.570776750423
~~~~~~~~~~~~~~~~~~~~~
Energy Evaluation: 
~~~~~~~~~~~~~~~~~~~~~
4.00713738071
~~~~~~~~~~~~~~~~~~~~~
ITERATION: 9
------------------------------------------
Model     :  DTLZ7
Algorithm :  SimulatedAnnealing
------------------------------------------
Best decisionss: 
~~~~~~~~~~~~~~~~~~~~~
01 : 0.00341703643934
02 : 0.749907751986
03 : 0.813371418366
04 : 0.363473816455
~~~~~~~~~~~~~~~~~~~~~
Energy Evaluation: 
~~~~~~~~~~~~~~~~~~~~~
4.02391925508
~~~~~~~~~~~~~~~~~~~~~
ITERATION: 9
------------------------------------------
Model     :  DTLZ7
Algorithm :  MaxWalkSat
------------------------------------------
Best decisionss: 
~~~~~~~~~~~~~~~~~~~~~
01 : 0.00467861398993
02 : 0.155008420417
03 : 0.443792348515
04 : 0.275312598397
~~~~~~~~~~~~~~~~~~~~~
Energy Evaluation: 
~~~~~~~~~~~~~~~~~~~~~
4.03275029793
~~~~~~~~~~~~~~~~~~~~~
ITERATION: 9
------------------------------------------
Model     :  DTLZ7
Algorithm :  DifferentialEvolution
------------------------------------------
Best decisionss: 
~~~~~~~~~~~~~~~~~~~~~
01 : 0.00117534522184
02 : 0.868389930748
03 : 0.721638879961
04 : 0.24280373663
~~~~~~~~~~~~~~~~~~~~~
Energy Evaluation: 
~~~~~~~~~~~~~~~~~~~~~
4.00822741655
~~~~~~~~~~~~~~~~~~~~~
ITERATION: 10
------------------------------------------
Model     :  DTLZ7
Algorithm :  SimulatedAnnealing
------------------------------------------
Best decisionss: 
~~~~~~~~~~~~~~~~~~~~~
01 : 0.00312809312411
02 : 0.618137544622
03 : 0.991161413897
04 : 0.529881603484
~~~~~~~~~~~~~~~~~~~~~
Energy Evaluation: 
~~~~~~~~~~~~~~~~~~~~~
4.02189665187
~~~~~~~~~~~~~~~~~~~~~
ITERATION: 10
------------------------------------------
Model     :  DTLZ7
Algorithm :  MaxWalkSat
------------------------------------------
Best decisionss: 
~~~~~~~~~~~~~~~~~~~~~
01 : 3.04480726566e-05
02 : 0.77562633884
03 : 0.636703632255
04 : 0.0981103737264
~~~~~~~~~~~~~~~~~~~~~
Energy Evaluation: 
~~~~~~~~~~~~~~~~~~~~~
4.00021313651
~~~~~~~~~~~~~~~~~~~~~
ITERATION: 10
------------------------------------------
Model     :  DTLZ7
Algorithm :  DifferentialEvolution
------------------------------------------
Best decisionss: 
~~~~~~~~~~~~~~~~~~~~~
01 : 5.92928526467e-05
02 : 0.0193313434883
03 : 0.98610047306
04 : 0.811064830295
~~~~~~~~~~~~~~~~~~~~~
Energy Evaluation: 
~~~~~~~~~~~~~~~~~~~~~
4.00041504997
~~~~~~~~~~~~~~~~~~~~~
ITERATION: 11
------------------------------------------
Model     :  DTLZ7
Algorithm :  SimulatedAnnealing
------------------------------------------
Best decisionss: 
~~~~~~~~~~~~~~~~~~~~~
01 : 0.00154915160312
02 : 0.768004373689
03 : 0.193685316038
04 : 0.498343479803
~~~~~~~~~~~~~~~~~~~~~
Energy Evaluation: 
~~~~~~~~~~~~~~~~~~~~~
4.01084406122
~~~~~~~~~~~~~~~~~~~~~
ITERATION: 11
------------------------------------------
Model     :  DTLZ7
Algorithm :  MaxWalkSat
------------------------------------------
Best decisionss: 
~~~~~~~~~~~~~~~~~~~~~
01 : 0.00310362748627
02 : 0.0384918892884
03 : 0.415613354747
04 : 0.696475612865
~~~~~~~~~~~~~~~~~~~~~
Energy Evaluation: 
~~~~~~~~~~~~~~~~~~~~~
4.0217253924
~~~~~~~~~~~~~~~~~~~~~
ITERATION: 11
------------------------------------------
Model     :  DTLZ7
Algorithm :  DifferentialEvolution
------------------------------------------
Best decisionss: 
~~~~~~~~~~~~~~~~~~~~~
01 : 0.00340537862101
02 : 0.328737854512
03 : 0.258349225573
04 : 0.109534535633
~~~~~~~~~~~~~~~~~~~~~
Energy Evaluation: 
~~~~~~~~~~~~~~~~~~~~~
4.02383765035
~~~~~~~~~~~~~~~~~~~~~
ITERATION: 12
------------------------------------------
Model     :  DTLZ7
Algorithm :  SimulatedAnnealing
------------------------------------------
Best decisionss: 
~~~~~~~~~~~~~~~~~~~~~
01 : 0.0024737066761
02 : 0.421065157033
03 : 0.58435853563
04 : 0.342679934916
~~~~~~~~~~~~~~~~~~~~~
Energy Evaluation: 
~~~~~~~~~~~~~~~~~~~~~
4.01731594673
~~~~~~~~~~~~~~~~~~~~~
ITERATION: 12
------------------------------------------
Model     :  DTLZ7
Algorithm :  MaxWalkSat
------------------------------------------
Best decisionss: 
~~~~~~~~~~~~~~~~~~~~~
01 : 0.00021004188295
02 : 0.149083486196
03 : 0.186691202914
04 : 0.928619711372
~~~~~~~~~~~~~~~~~~~~~
Energy Evaluation: 
~~~~~~~~~~~~~~~~~~~~~
4.00147029318
~~~~~~~~~~~~~~~~~~~~~
ITERATION: 12
------------------------------------------
Model     :  DTLZ7
Algorithm :  DifferentialEvolution
------------------------------------------
Best decisionss: 
~~~~~~~~~~~~~~~~~~~~~
01 : 0.00114290946066
02 : 0.383128613569
03 : 0.996570330191
04 : 0.707004407641
~~~~~~~~~~~~~~~~~~~~~
Energy Evaluation: 
~~~~~~~~~~~~~~~~~~~~~
4.00800036622
~~~~~~~~~~~~~~~~~~~~~
ITERATION: 13
------------------------------------------
Model     :  DTLZ7
Algorithm :  SimulatedAnnealing
------------------------------------------
Best decisionss: 
~~~~~~~~~~~~~~~~~~~~~
01 : 0.0290237353972
02 : 0.682385227033
03 : 0.829407209624
04 : 0.201974417286
~~~~~~~~~~~~~~~~~~~~~
Energy Evaluation: 
~~~~~~~~~~~~~~~~~~~~~
4.20316614778
~~~~~~~~~~~~~~~~~~~~~
ITERATION: 13
------------------------------------------
Model     :  DTLZ7
Algorithm :  MaxWalkSat
------------------------------------------
Best decisionss: 
~~~~~~~~~~~~~~~~~~~~~
01 : 0.000866321451944
02 : 0.431926013592
03 : 0.132194069026
04 : 0.358902654889
~~~~~~~~~~~~~~~~~~~~~
Energy Evaluation: 
~~~~~~~~~~~~~~~~~~~~~
4.00606425016
~~~~~~~~~~~~~~~~~~~~~
ITERATION: 13
------------------------------------------
Model     :  DTLZ7
Algorithm :  DifferentialEvolution
------------------------------------------
Best decisionss: 
~~~~~~~~~~~~~~~~~~~~~
01 : 0.000954546495763
02 : 0.0666509568641
03 : 0.639156415848
04 : 0.640339081694
~~~~~~~~~~~~~~~~~~~~~
Energy Evaluation: 
~~~~~~~~~~~~~~~~~~~~~
4.00668182547
~~~~~~~~~~~~~~~~~~~~~
ITERATION: 14
------------------------------------------
Model     :  DTLZ7
Algorithm :  SimulatedAnnealing
------------------------------------------
Best decisionss: 
~~~~~~~~~~~~~~~~~~~~~
01 : 0.00276967283704
02 : 0.132186805868
03 : 0.0845507432782
04 : 0.715824865389
~~~~~~~~~~~~~~~~~~~~~
Energy Evaluation: 
~~~~~~~~~~~~~~~~~~~~~
4.01938770986
~~~~~~~~~~~~~~~~~~~~~
ITERATION: 14
------------------------------------------
Model     :  DTLZ7
Algorithm :  MaxWalkSat
------------------------------------------
Best decisionss: 
~~~~~~~~~~~~~~~~~~~~~
01 : 0.000188231983611
02 : 0.292238784102
03 : 0.201718447677
04 : 0.780603937045
~~~~~~~~~~~~~~~~~~~~~
Energy Evaluation: 
~~~~~~~~~~~~~~~~~~~~~
4.00131762389
~~~~~~~~~~~~~~~~~~~~~
ITERATION: 14
------------------------------------------
Model     :  DTLZ7
Algorithm :  DifferentialEvolution
------------------------------------------
Best decisionss: 
~~~~~~~~~~~~~~~~~~~~~
01 : 0.00196567219201
02 : 0.167905891268
03 : 0.184924646809
04 : 0.900624960163
~~~~~~~~~~~~~~~~~~~~~
Energy Evaluation: 
~~~~~~~~~~~~~~~~~~~~~
4.01375970534
~~~~~~~~~~~~~~~~~~~~~
ITERATION: 15
------------------------------------------
Model     :  DTLZ7
Algorithm :  SimulatedAnnealing
------------------------------------------
Best decisionss: 
~~~~~~~~~~~~~~~~~~~~~
01 : 0.00509714130934
02 : 0.277864104299
03 : 0.612138901383
04 : 0.89211514955
~~~~~~~~~~~~~~~~~~~~~
Energy Evaluation: 
~~~~~~~~~~~~~~~~~~~~~
4.03567998917
~~~~~~~~~~~~~~~~~~~~~
ITERATION: 15
------------------------------------------
Model     :  DTLZ7
Algorithm :  MaxWalkSat
------------------------------------------
Best decisionss: 
~~~~~~~~~~~~~~~~~~~~~
01 : 0.000180000140438
02 : 0.806719384165
03 : 0.727433679146
04 : 0.088255912476
~~~~~~~~~~~~~~~~~~~~~
Energy Evaluation: 
~~~~~~~~~~~~~~~~~~~~~
4.00126000098
~~~~~~~~~~~~~~~~~~~~~
ITERATION: 15
------------------------------------------
Model     :  DTLZ7
Algorithm :  DifferentialEvolution
------------------------------------------
Best decisionss: 
~~~~~~~~~~~~~~~~~~~~~
01 : 0.000688767251906
02 : 0.630750185282
03 : 0.620770161783
04 : 0.576192824468
~~~~~~~~~~~~~~~~~~~~~
Energy Evaluation: 
~~~~~~~~~~~~~~~~~~~~~
4.00482137076
~~~~~~~~~~~~~~~~~~~~~
ITERATION: 16
------------------------------------------
Model     :  DTLZ7
Algorithm :  SimulatedAnnealing
------------------------------------------
Best decisionss: 
~~~~~~~~~~~~~~~~~~~~~
01 : 0.000147262858356
02 : 0.823677826455
03 : 0.93451067269
04 : 0.540248161914
~~~~~~~~~~~~~~~~~~~~~
Energy Evaluation: 
~~~~~~~~~~~~~~~~~~~~~
4.00103084001
~~~~~~~~~~~~~~~~~~~~~
ITERATION: 16
------------------------------------------
Model     :  DTLZ7
Algorithm :  MaxWalkSat
------------------------------------------
Best decisionss: 
~~~~~~~~~~~~~~~~~~~~~
01 : 0.000357941443299
02 : 0.838309132558
03 : 0.754612953277
04 : 0.907430580784
~~~~~~~~~~~~~~~~~~~~~
Energy Evaluation: 
~~~~~~~~~~~~~~~~~~~~~
4.0025055901
~~~~~~~~~~~~~~~~~~~~~
ITERATION: 16
------------------------------------------
Model     :  DTLZ7
Algorithm :  DifferentialEvolution
------------------------------------------
Best decisionss: 
~~~~~~~~~~~~~~~~~~~~~
01 : 6.95270118379e-05
02 : 0.286211823727
03 : 0.459541519686
04 : 0.462846467573
~~~~~~~~~~~~~~~~~~~~~
Energy Evaluation: 
~~~~~~~~~~~~~~~~~~~~~
4.00048668908
~~~~~~~~~~~~~~~~~~~~~
ITERATION: 17
------------------------------------------
Model     :  DTLZ7
Algorithm :  SimulatedAnnealing
------------------------------------------
Best decisionss: 
~~~~~~~~~~~~~~~~~~~~~
01 : 0.000244434063596
02 : 0.769390228325
03 : 0.140650019872
04 : 0.295761612081
~~~~~~~~~~~~~~~~~~~~~
Energy Evaluation: 
~~~~~~~~~~~~~~~~~~~~~
4.00171103845
~~~~~~~~~~~~~~~~~~~~~
ITERATION: 17
------------------------------------------
Model     :  DTLZ7
Algorithm :  MaxWalkSat
------------------------------------------
Best decisionss: 
~~~~~~~~~~~~~~~~~~~~~
01 : 0.000320251903457
02 : 0.0670252853611
03 : 0.768590177978
04 : 0.687505163979
~~~~~~~~~~~~~~~~~~~~~
Energy Evaluation: 
~~~~~~~~~~~~~~~~~~~~~
4.00224176332
~~~~~~~~~~~~~~~~~~~~~
ITERATION: 17
------------------------------------------
Model     :  DTLZ7
Algorithm :  DifferentialEvolution
------------------------------------------
Best decisionss: 
~~~~~~~~~~~~~~~~~~~~~
01 : 0.00126324176602
02 : 0.69690582852
03 : 0.516624267568
04 : 0.938798769091
~~~~~~~~~~~~~~~~~~~~~
Energy Evaluation: 
~~~~~~~~~~~~~~~~~~~~~
4.00884269236
~~~~~~~~~~~~~~~~~~~~~
ITERATION: 18
------------------------------------------
Model     :  DTLZ7
Algorithm :  SimulatedAnnealing
------------------------------------------
Best decisionss: 
~~~~~~~~~~~~~~~~~~~~~
01 : 0.00597809756191
02 : 0.89974817236
03 : 0.914388001183
04 : 0.546244670835
~~~~~~~~~~~~~~~~~~~~~
Energy Evaluation: 
~~~~~~~~~~~~~~~~~~~~~
4.04184668293
~~~~~~~~~~~~~~~~~~~~~
ITERATION: 18
------------------------------------------
Model     :  DTLZ7
Algorithm :  MaxWalkSat
------------------------------------------
Best decisionss: 
~~~~~~~~~~~~~~~~~~~~~
01 : 6.10045994153e-05
02 : 0.728691499414
03 : 0.578693505496
04 : 0.55273804865
~~~~~~~~~~~~~~~~~~~~~
Energy Evaluation: 
~~~~~~~~~~~~~~~~~~~~~
4.0004270322
~~~~~~~~~~~~~~~~~~~~~
ITERATION: 18
------------------------------------------
Model     :  DTLZ7
Algorithm :  DifferentialEvolution
------------------------------------------
Best decisionss: 
~~~~~~~~~~~~~~~~~~~~~
01 : 0.00175336420957
02 : 0.269135761958
03 : 0.436886092505
04 : 0.0108430483718
~~~~~~~~~~~~~~~~~~~~~
Energy Evaluation: 
~~~~~~~~~~~~~~~~~~~~~
4.01227354947
~~~~~~~~~~~~~~~~~~~~~
ITERATION: 19
------------------------------------------
Model     :  DTLZ7
Algorithm :  SimulatedAnnealing
------------------------------------------
Best decisionss: 
~~~~~~~~~~~~~~~~~~~~~
01 : 0.00119933605342
02 : 0.102897279438
03 : 0.271668435401
04 : 0.518171813167
~~~~~~~~~~~~~~~~~~~~~
Energy Evaluation: 
~~~~~~~~~~~~~~~~~~~~~
4.00839535237
~~~~~~~~~~~~~~~~~~~~~
ITERATION: 19
------------------------------------------
Model     :  DTLZ7
Algorithm :  MaxWalkSat
------------------------------------------
Best decisionss: 
~~~~~~~~~~~~~~~~~~~~~
01 : 0.00142885993495
02 : 0.745678132429
03 : 0.751943861806
04 : 0.771426666153
~~~~~~~~~~~~~~~~~~~~~
Energy Evaluation: 
~~~~~~~~~~~~~~~~~~~~~
4.01000201954
~~~~~~~~~~~~~~~~~~~~~
ITERATION: 19
------------------------------------------
Model     :  DTLZ7
Algorithm :  DifferentialEvolution
------------------------------------------
Best decisionss: 
~~~~~~~~~~~~~~~~~~~~~
01 : 0.00110576130526
02 : 0.977632316597
03 : 0.436066718972
04 : 0.720553431795
~~~~~~~~~~~~~~~~~~~~~
Energy Evaluation: 
~~~~~~~~~~~~~~~~~~~~~
4.00774032914
~~~~~~~~~~~~~~~~~~~~~

rank ,                            name ,    med   ,  iqr 
----------------------------------------------------
   1 ,                             mws ,    4.00  ,  0.01 (*              |              ), 4.00,  4.00,  4.01
   1 ,                             de  ,    4.01  ,  0.01 (-*             |              ), 4.00,  4.01,  4.01
   2 ,                             sa  ,    4.02  ,  0.04 ( --*---        |              ), 4.01,  4.02,  4.05
