||||||||||||||||||||||||||||||||||||||||||||||||||||||||||||||||||||||
Model    : Schaffer
||||||||||||||||||||||||||||||||||||||||||||||||||||||||||||||||||||||
++++++++++++++++++++++++++++++++++++++++++++++++++++++++++++++++++++++
Finished processing Schaffer with Decisions = 1 and  Objectives = 2
++++++++++++++++++++++++++++++++++++++++++++++++++++++++++++++++++++++
+-------------+----------------+-------------+
| Iteration   | Original Value | Tuned Value |
+-------------+----------------+-------------+
|      1      |      1.0       |     1.0     |
|      2      |      1.0       |     1.0     |
|      3      |      1.0       |     1.0     |
|      4      |      1.0       |     1.0     |
|      5      |      1.0       |     1.0     |
|      6      |      1.0       |     1.0     |
|      7      |      1.0       |     1.0     |
|      8      |      1.0       |     1.0     |
|      9      |      1.0       |     1.0     |
|      10     |      1.0       |     1.0     |
|      11     |      1.0       |     1.0     |
|      12     |     0.9999     |     1.0     |
|      13     |      1.0       |     1.0     |
|      14     |      1.0       |     1.0     |
|      15     |      1.0       |     1.0     |
|      16     |      1.0       |     1.0     |
|      17     |     0.9999     |     1.0     |
|      18     |      1.0       |     1.0     |
|      19     |      1.0       |     1.0     |
|      20     |      1.0       |     1.0     |
+-------------+----------------+-------------+
||||||||||||||||||||||||||||||||||||||||||||||||||||||||||||||||||||||
++++++++++++++++++++++++++++++++++++++++++++++++++++++++++++++++++++++
No improvement
++++++++++++++++++++++++++++++++++++++++++++++++++++++++++++++++++++++
||||||||||||||||||||||||||||||||||||||||||||||||||||||||||||||||||||||
||||||||||||||||||||||||||||||||||||||||||||||||||||||||||||||||||||||
Model    : Fonseca
||||||||||||||||||||||||||||||||||||||||||||||||||||||||||||||||||||||
++++++++++++++++++++++++++++++++++++++++++++++++++++++++++++++++++++++
Finished processing Fonseca with Decisions = 3 and  Objectives = 2
++++++++++++++++++++++++++++++++++++++++++++++++++++++++++++++++++++++
+-------------+----------------+-------------+
| Iteration   | Original Value | Tuned Value |
+-------------+----------------+-------------+
|      1      |     0.0781     |    0.2608   |
|      2      |     0.0429     |    0.1869   |
|      3      |     0.1171     |    0.3996   |
|      4      |     0.0912     |    0.7088   |
|      5      |     0.3702     |    0.5303   |
|      6      |     0.1255     |    0.4042   |
|      7      |     0.3843     |    0.7892   |
|      8      |     0.2194     |    0.4457   |
|      9      |     0.2322     |    0.4572   |
|      10     |     0.2809     |    0.5348   |
|      11     |     0.1504     |    0.5256   |
|      12     |     0.2141     |    0.5119   |
|      13     |     0.1472     |    0.4243   |
|      14     |     0.3426     |    0.2997   |
|      15     |     0.2597     |    0.4654   |
|      16     |     0.0951     |    0.4257   |
|      17     |     0.3801     |    0.6011   |
|      18     |     0.2168     |    0.2177   |
|      19     |     0.3041     |    0.462    |
|      20     |     0.154      |    0.2319   |
+-------------+----------------+-------------+
||||||||||||||||||||||||||||||||||||||||||||||||||||||||||||||||||||||
++++++++++++++++++++++++++++++++++++++++++++++++++++++++++++++++++++++
Visible improvement
++++++++++++++++++++++++++++++++++++++++++++++++++++++++++++++++++++++
||||||||||||||||||||||||||||||||||||||||||||||||||||||||||||||||||||||
